Linked: (/home/stapler1/Schreibtisch/benni_ba/bachelor_slam_ben/devel/.private/lio_sam/lib/pkgconfig/lio_sam.pc, /home/stapler1/Schreibtisch/benni_ba/bachelor_slam_ben/devel/lib/pkgconfig/lio_sam.pc)
Linked: (/home/stapler1/Schreibtisch/benni_ba/bachelor_slam_ben/devel/.private/lio_sam/lib/lio_sam/lio_sam_mapOptmization, /home/stapler1/Schreibtisch/benni_ba/bachelor_slam_ben/devel/lib/lio_sam/lio_sam_mapOptmization)
Linked: (/home/stapler1/Schreibtisch/benni_ba/bachelor_slam_ben/devel/.private/lio_sam/lib/lio_sam/lio_sam_imuPreintegration, /home/stapler1/Schreibtisch/benni_ba/bachelor_slam_ben/devel/lib/lio_sam/lio_sam_imuPreintegration)
Linked: (/home/stapler1/Schreibtisch/benni_ba/bachelor_slam_ben/devel/.private/lio_sam/lib/lio_sam/lio_sam_imageProjection, /home/stapler1/Schreibtisch/benni_ba/bachelor_slam_ben/devel/lib/lio_sam/lio_sam_imageProjection)
Linked: (/home/stapler1/Schreibtisch/benni_ba/bachelor_slam_ben/devel/.private/lio_sam/lib/lio_sam/lio_sam_featureExtraction, /home/stapler1/Schreibtisch/benni_ba/bachelor_slam_ben/devel/lib/lio_sam/lio_sam_featureExtraction)
Linked: (/home/stapler1/Schreibtisch/benni_ba/bachelor_slam_ben/devel/.private/lio_sam/lib/python3/dist-packages/lio_sam/__init__.py, /home/stapler1/Schreibtisch/benni_ba/bachelor_slam_ben/devel/lib/python3/dist-packages/lio_sam/__init__.py)
Linked: (/home/stapler1/Schreibtisch/benni_ba/bachelor_slam_ben/devel/.private/lio_sam/lib/python3/dist-packages/lio_sam/msg/__init__.py, /home/stapler1/Schreibtisch/benni_ba/bachelor_slam_ben/devel/lib/python3/dist-packages/lio_sam/msg/__init__.py)
Linked: (/home/stapler1/Schreibtisch/benni_ba/bachelor_slam_ben/devel/.private/lio_sam/lib/python3/dist-packages/lio_sam/msg/_cloud_info.py, /home/stapler1/Schreibtisch/benni_ba/bachelor_slam_ben/devel/lib/python3/dist-packages/lio_sam/msg/_cloud_info.py)
Linked: (/home/stapler1/Schreibtisch/benni_ba/bachelor_slam_ben/devel/.private/lio_sam/include/lio_sam/cloud_info.h, /home/stapler1/Schreibtisch/benni_ba/bachelor_slam_ben/devel/include/lio_sam/cloud_info.h)
Linked: (/home/stapler1/Schreibtisch/benni_ba/bachelor_slam_ben/devel/.private/lio_sam/share/common-lisp/ros/lio_sam/msg/lio_sam-msg.asd, /home/stapler1/Schreibtisch/benni_ba/bachelor_slam_ben/devel/share/common-lisp/ros/lio_sam/msg/lio_sam-msg.asd)
Linked: (/home/stapler1/Schreibtisch/benni_ba/bachelor_slam_ben/devel/.private/lio_sam/share/common-lisp/ros/lio_sam/msg/_package.lisp, /home/stapler1/Schreibtisch/benni_ba/bachelor_slam_ben/devel/share/common-lisp/ros/lio_sam/msg/_package.lisp)
Linked: (/home/stapler1/Schreibtisch/benni_ba/bachelor_slam_ben/devel/.private/lio_sam/share/common-lisp/ros/lio_sam/msg/cloud_info.lisp, /home/stapler1/Schreibtisch/benni_ba/bachelor_slam_ben/devel/share/common-lisp/ros/lio_sam/msg/cloud_info.lisp)
Linked: (/home/stapler1/Schreibtisch/benni_ba/bachelor_slam_ben/devel/.private/lio_sam/share/common-lisp/ros/lio_sam/msg/_package_cloud_info.lisp, /home/stapler1/Schreibtisch/benni_ba/bachelor_slam_ben/devel/share/common-lisp/ros/lio_sam/msg/_package_cloud_info.lisp)
Linked: (/home/stapler1/Schreibtisch/benni_ba/bachelor_slam_ben/devel/.private/lio_sam/share/roseus/ros/lio_sam/manifest.l, /home/stapler1/Schreibtisch/benni_ba/bachelor_slam_ben/devel/share/roseus/ros/lio_sam/manifest.l)
Linked: (/home/stapler1/Schreibtisch/benni_ba/bachelor_slam_ben/devel/.private/lio_sam/share/roseus/ros/lio_sam/msg/cloud_info.l, /home/stapler1/Schreibtisch/benni_ba/bachelor_slam_ben/devel/share/roseus/ros/lio_sam/msg/cloud_info.l)
Linked: (/home/stapler1/Schreibtisch/benni_ba/bachelor_slam_ben/devel/.private/lio_sam/share/lio_sam/cmake/lio_samConfig.cmake, /home/stapler1/Schreibtisch/benni_ba/bachelor_slam_ben/devel/share/lio_sam/cmake/lio_samConfig.cmake)
Linked: (/home/stapler1/Schreibtisch/benni_ba/bachelor_slam_ben/devel/.private/lio_sam/share/lio_sam/cmake/lio_sam-msg-paths.cmake, /home/stapler1/Schreibtisch/benni_ba/bachelor_slam_ben/devel/share/lio_sam/cmake/lio_sam-msg-paths.cmake)
Linked: (/home/stapler1/Schreibtisch/benni_ba/bachelor_slam_ben/devel/.private/lio_sam/share/lio_sam/cmake/lio_sam-msg-extras.cmake, /home/stapler1/Schreibtisch/benni_ba/bachelor_slam_ben/devel/share/lio_sam/cmake/lio_sam-msg-extras.cmake)
Linked: (/home/stapler1/Schreibtisch/benni_ba/bachelor_slam_ben/devel/.private/lio_sam/share/lio_sam/cmake/lio_samConfig-version.cmake, /home/stapler1/Schreibtisch/benni_ba/bachelor_slam_ben/devel/share/lio_sam/cmake/lio_samConfig-version.cmake)
Linked: (/home/stapler1/Schreibtisch/benni_ba/bachelor_slam_ben/devel/.private/lio_sam/share/gennodejs/ros/lio_sam/_index.js, /home/stapler1/Schreibtisch/benni_ba/bachelor_slam_ben/devel/share/gennodejs/ros/lio_sam/_index.js)
Linked: (/home/stapler1/Schreibtisch/benni_ba/bachelor_slam_ben/devel/.private/lio_sam/share/gennodejs/ros/lio_sam/msg/_index.js, /home/stapler1/Schreibtisch/benni_ba/bachelor_slam_ben/devel/share/gennodejs/ros/lio_sam/msg/_index.js)
Linked: (/home/stapler1/Schreibtisch/benni_ba/bachelor_slam_ben/devel/.private/lio_sam/share/gennodejs/ros/lio_sam/msg/cloud_info.js, /home/stapler1/Schreibtisch/benni_ba/bachelor_slam_ben/devel/share/gennodejs/ros/lio_sam/msg/cloud_info.js)
