Symlinking /home/stapler/benni_workspace_ba/pfannes_ba/SC-LIO-SAM-main/devel/share/lio_sam/cmake/lio_samConfig.cmake
Symlinking /home/stapler/benni_workspace_ba/pfannes_ba/SC-LIO-SAM-main/devel/share/lio_sam/cmake/lio_sam-msg-paths.cmake
Symlinking /home/stapler/benni_workspace_ba/pfannes_ba/SC-LIO-SAM-main/devel/share/lio_sam/cmake/lio_samConfig-version.cmake
Symlinking /home/stapler/benni_workspace_ba/pfannes_ba/SC-LIO-SAM-main/devel/share/lio_sam/cmake/lio_sam-msg-extras.cmake
Symlinking /home/stapler/benni_workspace_ba/pfannes_ba/SC-LIO-SAM-main/devel/share/common-lisp/ros/lio_sam/msg/_package.lisp
Symlinking /home/stapler/benni_workspace_ba/pfannes_ba/SC-LIO-SAM-main/devel/share/common-lisp/ros/lio_sam/msg/lio_sam-msg.asd
Symlinking /home/stapler/benni_workspace_ba/pfannes_ba/SC-LIO-SAM-main/devel/share/common-lisp/ros/lio_sam/msg/_package_cloud_info.lisp
Symlinking /home/stapler/benni_workspace_ba/pfannes_ba/SC-LIO-SAM-main/devel/share/common-lisp/ros/lio_sam/msg/cloud_info.lisp
Symlinking /home/stapler/benni_workspace_ba/pfannes_ba/SC-LIO-SAM-main/devel/share/gennodejs/ros/lio_sam/_index.js
Symlinking /home/stapler/benni_workspace_ba/pfannes_ba/SC-LIO-SAM-main/devel/share/gennodejs/ros/lio_sam/msg/cloud_info.js
Symlinking /home/stapler/benni_workspace_ba/pfannes_ba/SC-LIO-SAM-main/devel/share/gennodejs/ros/lio_sam/msg/_index.js
Symlinking /home/stapler/benni_workspace_ba/pfannes_ba/SC-LIO-SAM-main/devel/share/roseus/ros/lio_sam/manifest.l
Symlinking /home/stapler/benni_workspace_ba/pfannes_ba/SC-LIO-SAM-main/devel/share/roseus/ros/lio_sam/msg/cloud_info.l
Symlinking /home/stapler/benni_workspace_ba/pfannes_ba/SC-LIO-SAM-main/devel/lib/pkgconfig/lio_sam.pc
Symlinking /home/stapler/benni_workspace_ba/pfannes_ba/SC-LIO-SAM-main/devel/lib/lio_sam/lio_sam_imuPreintegration
Symlinking /home/stapler/benni_workspace_ba/pfannes_ba/SC-LIO-SAM-main/devel/lib/lio_sam/lio_sam_mapOptmization
Symlinking /home/stapler/benni_workspace_ba/pfannes_ba/SC-LIO-SAM-main/devel/lib/lio_sam/lio_sam_featureExtraction
Symlinking /home/stapler/benni_workspace_ba/pfannes_ba/SC-LIO-SAM-main/devel/lib/lio_sam/lio_sam_imageProjection
Symlinking /home/stapler/benni_workspace_ba/pfannes_ba/SC-LIO-SAM-main/devel/lib/python3/dist-packages/lio_sam/__init__.py
Symlinking /home/stapler/benni_workspace_ba/pfannes_ba/SC-LIO-SAM-main/devel/lib/python3/dist-packages/lio_sam/msg/__init__.py
Symlinking /home/stapler/benni_workspace_ba/pfannes_ba/SC-LIO-SAM-main/devel/lib/python3/dist-packages/lio_sam/msg/_cloud_info.py
Symlinking /home/stapler/benni_workspace_ba/pfannes_ba/SC-LIO-SAM-main/devel/include/lio_sam/cloud_info.h
Cleaning: (/home/stapler/Dokumente/04_ROS/sc_lio_sam/devel/.private/lio_sam/cmake.lock, /home/stapler/Dokumente/04_ROS/sc_lio_sam/devel/./cmake.lock)
Cleaning: (/home/stapler/Dokumente/04_ROS/sc_lio_sam/devel/.private/lio_sam/share/lio_sam/cmake/lio_samConfig.cmake, /home/stapler/Dokumente/04_ROS/sc_lio_sam/devel/share/lio_sam/cmake/lio_samConfig.cmake)
Cleaning: (/home/stapler/Dokumente/04_ROS/sc_lio_sam/devel/.private/lio_sam/share/lio_sam/cmake/lio_sam-msg-paths.cmake, /home/stapler/Dokumente/04_ROS/sc_lio_sam/devel/share/lio_sam/cmake/lio_sam-msg-paths.cmake)
Cleaning: (/home/stapler/Dokumente/04_ROS/sc_lio_sam/devel/.private/lio_sam/share/lio_sam/cmake/lio_samConfig-version.cmake, /home/stapler/Dokumente/04_ROS/sc_lio_sam/devel/share/lio_sam/cmake/lio_samConfig-version.cmake)
Cleaning: (/home/stapler/Dokumente/04_ROS/sc_lio_sam/devel/.private/lio_sam/share/lio_sam/cmake/lio_sam-msg-extras.cmake, /home/stapler/Dokumente/04_ROS/sc_lio_sam/devel/share/lio_sam/cmake/lio_sam-msg-extras.cmake)
Cleaning: (/home/stapler/Dokumente/04_ROS/sc_lio_sam/devel/.private/lio_sam/share/common-lisp/ros/lio_sam/msg/_package.lisp, /home/stapler/Dokumente/04_ROS/sc_lio_sam/devel/share/common-lisp/ros/lio_sam/msg/_package.lisp)
Cleaning: (/home/stapler/Dokumente/04_ROS/sc_lio_sam/devel/.private/lio_sam/share/common-lisp/ros/lio_sam/msg/lio_sam-msg.asd, /home/stapler/Dokumente/04_ROS/sc_lio_sam/devel/share/common-lisp/ros/lio_sam/msg/lio_sam-msg.asd)
Cleaning: (/home/stapler/Dokumente/04_ROS/sc_lio_sam/devel/.private/lio_sam/share/common-lisp/ros/lio_sam/msg/_package_cloud_info.lisp, /home/stapler/Dokumente/04_ROS/sc_lio_sam/devel/share/common-lisp/ros/lio_sam/msg/_package_cloud_info.lisp)
Cleaning: (/home/stapler/Dokumente/04_ROS/sc_lio_sam/devel/.private/lio_sam/share/common-lisp/ros/lio_sam/msg/cloud_info.lisp, /home/stapler/Dokumente/04_ROS/sc_lio_sam/devel/share/common-lisp/ros/lio_sam/msg/cloud_info.lisp)
Cleaning: (/home/stapler/Dokumente/04_ROS/sc_lio_sam/devel/.private/lio_sam/share/gennodejs/ros/lio_sam/_index.js, /home/stapler/Dokumente/04_ROS/sc_lio_sam/devel/share/gennodejs/ros/lio_sam/_index.js)
Cleaning: (/home/stapler/Dokumente/04_ROS/sc_lio_sam/devel/.private/lio_sam/share/gennodejs/ros/lio_sam/msg/cloud_info.js, /home/stapler/Dokumente/04_ROS/sc_lio_sam/devel/share/gennodejs/ros/lio_sam/msg/cloud_info.js)
Cleaning: (/home/stapler/Dokumente/04_ROS/sc_lio_sam/devel/.private/lio_sam/share/gennodejs/ros/lio_sam/msg/_index.js, /home/stapler/Dokumente/04_ROS/sc_lio_sam/devel/share/gennodejs/ros/lio_sam/msg/_index.js)
Cleaning: (/home/stapler/Dokumente/04_ROS/sc_lio_sam/devel/.private/lio_sam/share/roseus/ros/lio_sam/manifest.l, /home/stapler/Dokumente/04_ROS/sc_lio_sam/devel/share/roseus/ros/lio_sam/manifest.l)
Cleaning: (/home/stapler/Dokumente/04_ROS/sc_lio_sam/devel/.private/lio_sam/share/roseus/ros/lio_sam/msg/cloud_info.l, /home/stapler/Dokumente/04_ROS/sc_lio_sam/devel/share/roseus/ros/lio_sam/msg/cloud_info.l)
Cleaning: (/home/stapler/Dokumente/04_ROS/sc_lio_sam/devel/.private/lio_sam/lib/pkgconfig/lio_sam.pc, /home/stapler/Dokumente/04_ROS/sc_lio_sam/devel/lib/pkgconfig/lio_sam.pc)
Cleaning: (/home/stapler/Dokumente/04_ROS/sc_lio_sam/devel/.private/lio_sam/lib/lio_sam/lio_sam_imuPreintegration, /home/stapler/Dokumente/04_ROS/sc_lio_sam/devel/lib/lio_sam/lio_sam_imuPreintegration)
Cleaning: (/home/stapler/Dokumente/04_ROS/sc_lio_sam/devel/.private/lio_sam/lib/lio_sam/lio_sam_mapOptmization, /home/stapler/Dokumente/04_ROS/sc_lio_sam/devel/lib/lio_sam/lio_sam_mapOptmization)
Cleaning: (/home/stapler/Dokumente/04_ROS/sc_lio_sam/devel/.private/lio_sam/lib/lio_sam/lio_sam_featureExtraction, /home/stapler/Dokumente/04_ROS/sc_lio_sam/devel/lib/lio_sam/lio_sam_featureExtraction)
Cleaning: (/home/stapler/Dokumente/04_ROS/sc_lio_sam/devel/.private/lio_sam/lib/lio_sam/lio_sam_imageProjection, /home/stapler/Dokumente/04_ROS/sc_lio_sam/devel/lib/lio_sam/lio_sam_imageProjection)
Cleaning: (/home/stapler/Dokumente/04_ROS/sc_lio_sam/devel/.private/lio_sam/lib/python3/dist-packages/lio_sam/__init__.py, /home/stapler/Dokumente/04_ROS/sc_lio_sam/devel/lib/python3/dist-packages/lio_sam/__init__.py)
Cleaning: (/home/stapler/Dokumente/04_ROS/sc_lio_sam/devel/.private/lio_sam/lib/python3/dist-packages/lio_sam/msg/__init__.py, /home/stapler/Dokumente/04_ROS/sc_lio_sam/devel/lib/python3/dist-packages/lio_sam/msg/__init__.py)
Cleaning: (/home/stapler/Dokumente/04_ROS/sc_lio_sam/devel/.private/lio_sam/lib/python3/dist-packages/lio_sam/msg/_cloud_info.py, /home/stapler/Dokumente/04_ROS/sc_lio_sam/devel/lib/python3/dist-packages/lio_sam/msg/_cloud_info.py)
Cleaning: (/home/stapler/Dokumente/04_ROS/sc_lio_sam/devel/.private/lio_sam/include/lio_sam/cloud_info.h, /home/stapler/Dokumente/04_ROS/sc_lio_sam/devel/include/lio_sam/cloud_info.h)
Unlinking: /home/stapler/Dokumente/04_ROS/sc_lio_sam/devel/share/lio_sam/cmake/lio_samConfig.cmake
Unlinking: /home/stapler/Dokumente/04_ROS/sc_lio_sam/devel/share/lio_sam/cmake/lio_sam-msg-paths.cmake
Unlinking: /home/stapler/Dokumente/04_ROS/sc_lio_sam/devel/share/lio_sam/cmake/lio_samConfig-version.cmake
Unlinking: /home/stapler/Dokumente/04_ROS/sc_lio_sam/devel/share/lio_sam/cmake/lio_sam-msg-extras.cmake
Unlinking: /home/stapler/Dokumente/04_ROS/sc_lio_sam/devel/share/common-lisp/ros/lio_sam/msg/_package.lisp
Unlinking: /home/stapler/Dokumente/04_ROS/sc_lio_sam/devel/share/common-lisp/ros/lio_sam/msg/lio_sam-msg.asd
Unlinking: /home/stapler/Dokumente/04_ROS/sc_lio_sam/devel/share/common-lisp/ros/lio_sam/msg/_package_cloud_info.lisp
Unlinking: /home/stapler/Dokumente/04_ROS/sc_lio_sam/devel/share/common-lisp/ros/lio_sam/msg/cloud_info.lisp
Unlinking: /home/stapler/Dokumente/04_ROS/sc_lio_sam/devel/share/gennodejs/ros/lio_sam/_index.js
Unlinking: /home/stapler/Dokumente/04_ROS/sc_lio_sam/devel/share/gennodejs/ros/lio_sam/msg/cloud_info.js
Unlinking: /home/stapler/Dokumente/04_ROS/sc_lio_sam/devel/share/gennodejs/ros/lio_sam/msg/_index.js
Unlinking: /home/stapler/Dokumente/04_ROS/sc_lio_sam/devel/share/roseus/ros/lio_sam/manifest.l
Unlinking: /home/stapler/Dokumente/04_ROS/sc_lio_sam/devel/share/roseus/ros/lio_sam/msg/cloud_info.l
Unlinking: /home/stapler/Dokumente/04_ROS/sc_lio_sam/devel/lib/pkgconfig/lio_sam.pc
Unlinking: /home/stapler/Dokumente/04_ROS/sc_lio_sam/devel/lib/lio_sam/lio_sam_imuPreintegration
Unlinking: /home/stapler/Dokumente/04_ROS/sc_lio_sam/devel/lib/lio_sam/lio_sam_mapOptmization
Unlinking: /home/stapler/Dokumente/04_ROS/sc_lio_sam/devel/lib/lio_sam/lio_sam_featureExtraction
Unlinking: /home/stapler/Dokumente/04_ROS/sc_lio_sam/devel/lib/lio_sam/lio_sam_imageProjection
Unlinking: /home/stapler/Dokumente/04_ROS/sc_lio_sam/devel/lib/python3/dist-packages/lio_sam/__init__.py
Unlinking: /home/stapler/Dokumente/04_ROS/sc_lio_sam/devel/lib/python3/dist-packages/lio_sam/msg/__init__.py
Unlinking: /home/stapler/Dokumente/04_ROS/sc_lio_sam/devel/lib/python3/dist-packages/lio_sam/msg/_cloud_info.py
Unlinking: /home/stapler/Dokumente/04_ROS/sc_lio_sam/devel/include/lio_sam/cloud_info.h
