Symlinking /home/stapler/benni_workspace_ba/pfannes_ba/SC-LIO-SAM-main/devel/./_setup_util.py
Symlinking /home/stapler/benni_workspace_ba/pfannes_ba/SC-LIO-SAM-main/devel/./local_setup.sh
Symlinking /home/stapler/benni_workspace_ba/pfannes_ba/SC-LIO-SAM-main/devel/./setup.zsh
Symlinking /home/stapler/benni_workspace_ba/pfannes_ba/SC-LIO-SAM-main/devel/./setup.bash
Symlinking /home/stapler/benni_workspace_ba/pfannes_ba/SC-LIO-SAM-main/devel/./cmake.lock
Symlinking /home/stapler/benni_workspace_ba/pfannes_ba/SC-LIO-SAM-main/devel/./local_setup.zsh
Symlinking /home/stapler/benni_workspace_ba/pfannes_ba/SC-LIO-SAM-main/devel/./setup.sh
Symlinking /home/stapler/benni_workspace_ba/pfannes_ba/SC-LIO-SAM-main/devel/./env.sh
Symlinking /home/stapler/benni_workspace_ba/pfannes_ba/SC-LIO-SAM-main/devel/./local_setup.bash
Symlinking /home/stapler/benni_workspace_ba/pfannes_ba/SC-LIO-SAM-main/devel/share/catkin_tools_prebuild/cmake/catkin_tools_prebuildConfig.cmake
Symlinking /home/stapler/benni_workspace_ba/pfannes_ba/SC-LIO-SAM-main/devel/share/catkin_tools_prebuild/cmake/catkin_tools_prebuildConfig-version.cmake
Symlinking /home/stapler/benni_workspace_ba/pfannes_ba/SC-LIO-SAM-main/devel/lib/pkgconfig/catkin_tools_prebuild.pc
Cleaning: (/home/stapler/Dokumente/04_ROS/sc_lio_sam/devel/.private/catkin_tools_prebuild/_setup_util.py, /home/stapler/Dokumente/04_ROS/sc_lio_sam/devel/./_setup_util.py)
Cleaning: (/home/stapler/Dokumente/04_ROS/sc_lio_sam/devel/.private/catkin_tools_prebuild/local_setup.sh, /home/stapler/Dokumente/04_ROS/sc_lio_sam/devel/./local_setup.sh)
Cleaning: (/home/stapler/Dokumente/04_ROS/sc_lio_sam/devel/.private/catkin_tools_prebuild/setup.zsh, /home/stapler/Dokumente/04_ROS/sc_lio_sam/devel/./setup.zsh)
Cleaning: (/home/stapler/Dokumente/04_ROS/sc_lio_sam/devel/.private/catkin_tools_prebuild/setup.bash, /home/stapler/Dokumente/04_ROS/sc_lio_sam/devel/./setup.bash)
Cleaning: (/home/stapler/Dokumente/04_ROS/sc_lio_sam/devel/.private/catkin_tools_prebuild/cmake.lock, /home/stapler/Dokumente/04_ROS/sc_lio_sam/devel/./cmake.lock)
Cleaning: (/home/stapler/Dokumente/04_ROS/sc_lio_sam/devel/.private/catkin_tools_prebuild/local_setup.zsh, /home/stapler/Dokumente/04_ROS/sc_lio_sam/devel/./local_setup.zsh)
Cleaning: (/home/stapler/Dokumente/04_ROS/sc_lio_sam/devel/.private/catkin_tools_prebuild/setup.sh, /home/stapler/Dokumente/04_ROS/sc_lio_sam/devel/./setup.sh)
Cleaning: (/home/stapler/Dokumente/04_ROS/sc_lio_sam/devel/.private/catkin_tools_prebuild/env.sh, /home/stapler/Dokumente/04_ROS/sc_lio_sam/devel/./env.sh)
Cleaning: (/home/stapler/Dokumente/04_ROS/sc_lio_sam/devel/.private/catkin_tools_prebuild/local_setup.bash, /home/stapler/Dokumente/04_ROS/sc_lio_sam/devel/./local_setup.bash)
Cleaning: (/home/stapler/Dokumente/04_ROS/sc_lio_sam/devel/.private/catkin_tools_prebuild/share/catkin_tools_prebuild/cmake/catkin_tools_prebuildConfig.cmake, /home/stapler/Dokumente/04_ROS/sc_lio_sam/devel/share/catkin_tools_prebuild/cmake/catkin_tools_prebuildConfig.cmake)
Cleaning: (/home/stapler/Dokumente/04_ROS/sc_lio_sam/devel/.private/catkin_tools_prebuild/share/catkin_tools_prebuild/cmake/catkin_tools_prebuildConfig-version.cmake, /home/stapler/Dokumente/04_ROS/sc_lio_sam/devel/share/catkin_tools_prebuild/cmake/catkin_tools_prebuildConfig-version.cmake)
Cleaning: (/home/stapler/Dokumente/04_ROS/sc_lio_sam/devel/.private/catkin_tools_prebuild/lib/pkgconfig/catkin_tools_prebuild.pc, /home/stapler/Dokumente/04_ROS/sc_lio_sam/devel/lib/pkgconfig/catkin_tools_prebuild.pc)
Unlinking: /home/stapler/Dokumente/04_ROS/sc_lio_sam/devel/./_setup_util.py
Unlinking: /home/stapler/Dokumente/04_ROS/sc_lio_sam/devel/./local_setup.sh
Unlinking: /home/stapler/Dokumente/04_ROS/sc_lio_sam/devel/./setup.zsh
Unlinking: /home/stapler/Dokumente/04_ROS/sc_lio_sam/devel/./setup.bash
Unlinking: /home/stapler/Dokumente/04_ROS/sc_lio_sam/devel/./local_setup.zsh
Unlinking: /home/stapler/Dokumente/04_ROS/sc_lio_sam/devel/./setup.sh
Unlinking: /home/stapler/Dokumente/04_ROS/sc_lio_sam/devel/./env.sh
Unlinking: /home/stapler/Dokumente/04_ROS/sc_lio_sam/devel/./local_setup.bash
Unlinking: /home/stapler/Dokumente/04_ROS/sc_lio_sam/devel/share/catkin_tools_prebuild/cmake/catkin_tools_prebuildConfig.cmake
Unlinking: /home/stapler/Dokumente/04_ROS/sc_lio_sam/devel/share/catkin_tools_prebuild/cmake/catkin_tools_prebuildConfig-version.cmake
Unlinking: /home/stapler/Dokumente/04_ROS/sc_lio_sam/devel/lib/pkgconfig/catkin_tools_prebuild.pc
